<?xml version="1.0" encoding="UTF-8"?>
<!-- Generated by org.testng.reporters.JUnitReportReporter -->
<testsuite hostname="DESKTOP-5B9CSEH" failures="0" tests="1" name="Sample.HomePage" time="31.744" errors="0" timestamp="2022-02-23T02:18:51 IST" skipped="0">
  <testcase classname="Sample.HomePage" name="flipkartapp" time="31.744"/>
  <system-out/>
</testsuite> <!-- Sample.HomePage -->
