<?xml version="1.0" encoding="UTF-8"?>
<!-- Generated by org.testng.reporters.JUnitReportReporter -->
<testsuite hostname="DESKTOP-5B9CSEH" failures="0" tests="1" name="Sample.HomePage" time="28.752" errors="0" timestamp="2022-02-20T03:08:11 IST" skipped="0">
  <testcase classname="Sample.HomePage" name="flipkartapp" time="28.752"/>
  <system-out/>
</testsuite> <!-- Sample.HomePage -->
